<?xml version="1.0" encoding="UTF-8"?>
<testsuite name="caesars.cipher.CaesarCipherTest" tests="2" skipped="0" failures="0" errors="0" timestamp="2022-01-21T10:04:34" hostname="bidule" time="0.011">
  <properties/>
  <testcase name="testCipheredMessageWithOffsetOf1()" classname="caesars.cipher.CaesarCipherTest" time="0.01"/>
  <testcase name="testEmptyString()" classname="caesars.cipher.CaesarCipherTest" time="0.0"/>
  <system-out><![CDATA[]]></system-out>
  <system-err><![CDATA[]]></system-err>
</testsuite>
