<?xml version="1.0" encoding="UTF-8"?>
<testsuite name="caesars.cipher.CaesarCipherTest" tests="2" skipped="0" failures="0" errors="0" timestamp="2022-01-18T14:41:28" hostname="bidule" time="0.013">
  <properties/>
  <testcase name="testCipheredMessageWithOffsetOf1()" classname="caesars.cipher.CaesarCipherTest" time="0.011"/>
  <testcase name="testEmptyString()" classname="caesars.cipher.CaesarCipherTest" time="0.001"/>
  <system-out><![CDATA[]]></system-out>
  <system-err><![CDATA[]]></system-err>
</testsuite>
