<?xml version="1.0" encoding="UTF-8"?>
<testsuite name="caesars.cipher.CaesarCipherTest" tests="2" skipped="0" failures="0" errors="0" timestamp="2022-01-20T14:14:02" hostname="bidule" time="0.02">
  <properties/>
  <testcase name="testCipheredMessageWithOffsetOf1()" classname="caesars.cipher.CaesarCipherTest" time="0.015"/>
  <testcase name="testEmptyString()" classname="caesars.cipher.CaesarCipherTest" time="0.002"/>
  <system-out><![CDATA[]]></system-out>
  <system-err><![CDATA[]]></system-err>
</testsuite>
